2026-04-07 15:27:22,684 - main - INFO - === Logging system initialized ===
2026-04-07 15:27:22,684 - main - INFO - Log file: logs/app_20260407_152722.log
2026-04-07 15:27:22,685 - main - INFO - Log level: INFO
2026-04-07 15:27:22,685 - main - INFO - Timestamp: 20260407_152722
2026-04-07 15:27:23,863 - main - INFO - Included router: routers.aihub.router
2026-04-07 15:27:23,885 - main - INFO - Included router: routers.auth.router
2026-04-07 15:27:24,094 - main - INFO - Included router: routers.bookings.router
2026-04-07 15:27:24,099 - main - INFO - Included router: routers.health.router
2026-04-07 15:27:24,215 - main - INFO - Included router: routers.rooms.router
2026-04-07 15:27:24,237 - main - INFO - Included router: routers.settings.router
2026-04-07 15:27:24,367 - main - INFO - Included router: routers.storage.router
2026-04-07 15:27:24,379 - main - INFO - Included router: routers.user.router
2026-04-07 15:27:24,381 - main - INFO - === Application startup initiated ===
2026-04-07 15:27:24,381 - services.database - INFO - Ignore creating tables
2026-04-07 15:27:24,381 - services.mock_data - INFO - Ignore initialize data
2026-04-07 15:27:24,381 - services.auth - INFO - Ignore initialize admin
2026-04-07 15:27:24,381 - main - INFO - === Application startup completed successfully ===
2026-04-07 15:27:28,078 - dependencies.auth - DEBUG - Authentication required for request GET /api/v1/auth/me
2026-04-07 15:27:28,082 - core.database - DEBUG - [DB_OP] Starting get_db session creation
2026-04-07 15:27:28,082 - core.database - WARNING - Database session maker not available, attempting lazy initialization...
2026-04-07 15:27:28,082 - core.database - WARNING - Database not initialized, attempting lazy initialization...
2026-04-07 15:27:28,082 - core.database - INFO - Starting database initialization...
2026-04-07 15:27:28,082 - core.config - DEBUG - Read dynamic attribute database_url from environment variable DATABASE_URL
2026-04-07 15:27:28,082 - core.database - INFO - Normalizing database URL for async compatibility...
2026-04-07 15:27:28,084 - core.database - INFO - Creating async database engine...
2026-04-07 15:27:28,084 - core.database - INFO - Using QueuePool with connection pooling for non-Lambda environment
2026-04-07 15:27:28,132 - core.database - INFO - Database engine created successfully
2026-04-07 15:27:28,132 - core.database - INFO - Creating async session maker...
2026-04-07 15:27:28,133 - core.database - INFO - Async session maker created successfully
2026-04-07 15:27:28,133 - core.database - INFO - Database connection initialized successfully
2026-04-07 15:27:28,133 - core.database - DEBUG - [DB_OP] Starting create_tables
2026-04-07 15:27:28,133 - core.database - INFO - 🔧 Starting table creation...
2026-04-07 15:27:29,567 - core.database - INFO - Tables initialized successfully
2026-04-07 15:27:29,570 - core.database - DEBUG - [DB_OP] Create tables completed in 1.4367s
2026-04-07 15:27:29,633 - core.database - INFO - Lazy database initialization completed successfully
2026-04-07 15:27:29,633 - core.database - DEBUG - [DB_OP] Database session created successfully in 1.5520s
2026-04-07 15:27:29,634 - routers.rooms - DEBUG - Querying roomss: query={"is_featured":true}, sort=None, skip=0, limit=4, fields=None
2026-04-07 15:27:30,214 - routers.rooms - DEBUG - Found 4 roomss
2026-04-07 15:27:30,215 - core.database - DEBUG - [DB_OP] Database session cleanup after 2.1340s
2026-04-07 15:27:31,387 - core.database - DEBUG - [DB_OP] Starting get_db session creation
2026-04-07 15:27:31,387 - core.database - DEBUG - [DB_OP] Database session created successfully in 0.0006s
2026-04-07 15:27:31,388 - routers.rooms - DEBUG - Querying roomss: query={"is_featured":true}, sort=None, skip=0, limit=4, fields=None
2026-04-07 15:27:31,393 - core.config - DEBUG - Read dynamic attribute jwt_secret_key from environment variable JWT_SECRET_KEY
2026-04-07 15:27:31,394 - core.config - DEBUG - Read dynamic attribute jwt_algorithm from environment variable JWT_ALGORITHM
2026-04-07 15:27:31,418 - core.auth - DEBUG - Authentication token validated for user hash: e2ba8e15
2026-04-07 15:27:31,768 - routers.rooms - DEBUG - Found 4 roomss
2026-04-07 15:27:31,768 - core.database - DEBUG - [DB_OP] Database session cleanup after 0.3818s
2026-04-07 15:38:00,675 - services.database - DEBUG - [DB_OP] Starting database close
2026-04-07 15:38:00,676 - core.database - INFO - Database connection closed and engine disposed
2026-04-07 15:38:00,676 - services.database - INFO - Database connections closed
2026-04-07 15:38:00,676 - services.database - DEBUG - [DB_OP] Database close completed in 0.0012s
