2026-04-07 15:16:41,363 - main - INFO - === Logging system initialized ===
2026-04-07 15:16:41,364 - main - INFO - Log file: logs/app_20260407_151641.log
2026-04-07 15:16:41,364 - main - INFO - Log level: INFO
2026-04-07 15:16:41,364 - main - INFO - Timestamp: 20260407_151641
2026-04-07 15:16:45,896 - main - INFO - Included router: routers.aihub.router
2026-04-07 15:16:46,054 - main - INFO - Included router: routers.auth.router
2026-04-07 15:16:46,098 - main - INFO - Included router: routers.health.router
2026-04-07 15:16:46,179 - main - INFO - Included router: routers.settings.router
2026-04-07 15:16:46,314 - main - INFO - Included router: routers.storage.router
2026-04-07 15:16:46,840 - main - INFO - Included router: routers.user.router
2026-04-07 15:16:46,843 - main - INFO - === Application startup initiated ===
2026-04-07 15:16:46,844 - services.database - INFO - Ignore creating tables
2026-04-07 15:16:46,844 - services.mock_data - INFO - Ignore initialize data
2026-04-07 15:16:46,844 - services.auth - INFO - Ignore initialize admin
2026-04-07 15:16:46,844 - main - INFO - === Application startup completed successfully ===
2026-04-07 15:16:50,121 - core.database - DEBUG - [DB_OP] Starting get_db session creation
2026-04-07 15:16:50,121 - core.database - WARNING - Database session maker not available, attempting lazy initialization...
2026-04-07 15:16:50,121 - core.database - WARNING - Database not initialized, attempting lazy initialization...
2026-04-07 15:16:50,122 - core.database - INFO - Starting database initialization...
2026-04-07 15:16:50,122 - core.config - DEBUG - Read dynamic attribute database_url from environment variable DATABASE_URL
2026-04-07 15:16:50,122 - core.database - INFO - Normalizing database URL for async compatibility...
2026-04-07 15:16:50,123 - core.database - INFO - Creating async database engine...
2026-04-07 15:16:50,123 - core.database - INFO - Using QueuePool with connection pooling for non-Lambda environment
2026-04-07 15:16:50,380 - core.database - INFO - Database engine created successfully
2026-04-07 15:16:50,381 - core.database - INFO - Creating async session maker...
2026-04-07 15:16:50,381 - core.database - INFO - Async session maker created successfully
2026-04-07 15:16:50,382 - core.database - INFO - Database connection initialized successfully
2026-04-07 15:16:50,382 - core.database - DEBUG - [DB_OP] Starting create_tables
2026-04-07 15:16:50,383 - core.database - INFO - 🔧 Starting table creation...
2026-04-07 15:16:51,094 - core.database - DEBUG - [DB_OP] Starting get_db session creation
2026-04-07 15:16:51,094 - core.database - DEBUG - [DB_OP] Database session created successfully in 0.0006s
2026-04-07 15:16:51,095 - routers.auth - INFO - [token/exchange] Received platform token exchange request
2026-04-07 15:16:51,095 - core.config - DEBUG - Read dynamic attribute oidc_issuer_url from environment variable OIDC_ISSUER_URL
2026-04-07 15:16:51,095 - routers.auth - DEBUG - [token/exchange] Verifying token with issuer: https://auth.atoms.dev/api/v1/oidc/platform/tokens/verify
2026-04-07 15:16:51,620 - httpcore.connection - DEBUG - connect_tcp.started host='auth.atoms.dev' port=443 local_address=None timeout=5.0 socket_options=None
2026-04-07 15:16:51,647 - httpcore.connection - DEBUG - connect_tcp.complete return_value=<httpcore._backends.anyio.AnyIOStream object at 0x7f0adb0c4fd0>
2026-04-07 15:16:51,648 - httpcore.connection - DEBUG - start_tls.started ssl_context=<ssl.SSLContext object at 0x7f0adb1bdac0> server_hostname='auth.atoms.dev' timeout=5.0
2026-04-07 15:16:51,657 - httpcore.connection - DEBUG - start_tls.complete return_value=<httpcore._backends.anyio.AnyIOStream object at 0x7f0adb0c72b0>
2026-04-07 15:16:51,658 - httpcore.http11 - DEBUG - send_request_headers.started request=<Request [b'POST']>
2026-04-07 15:16:51,658 - httpcore.http11 - DEBUG - send_request_headers.complete
2026-04-07 15:16:51,658 - httpcore.http11 - DEBUG - send_request_body.started request=<Request [b'POST']>
2026-04-07 15:16:51,659 - httpcore.http11 - DEBUG - send_request_body.complete
2026-04-07 15:16:51,659 - httpcore.http11 - DEBUG - receive_response_headers.started request=<Request [b'POST']>
2026-04-07 15:16:51,703 - httpcore.http11 - DEBUG - receive_response_headers.complete return_value=(b'HTTP/1.1', 200, b'OK', [(b'Date', b'Tue, 07 Apr 2026 22:16:51 GMT'), (b'Content-Type', b'application/json'), (b'Transfer-Encoding', b'chunked'), (b'Connection', b'keep-alive'), (b'x-response-time', b'0.002s'), (b'x-request-id', b'f0d16df403e792993fdd5f5bcb6d23f3'), (b'cf-cache-status', b'DYNAMIC'), (b'Content-Encoding', b'gzip'), (b'Server', b'cloudflare'), (b'CF-RAY', b'9e8c662ad8688e7d-LAX')])
2026-04-07 15:16:51,705 - httpx - INFO - HTTP Request: POST https://auth.atoms.dev/api/v1/oidc/platform/tokens/verify "HTTP/1.1 200 OK"
2026-04-07 15:16:51,705 - httpcore.http11 - DEBUG - receive_response_body.started request=<Request [b'POST']>
2026-04-07 15:16:51,706 - httpcore.http11 - DEBUG - receive_response_body.complete
2026-04-07 15:16:51,706 - httpcore.http11 - DEBUG - response_closed.started
2026-04-07 15:16:51,707 - httpcore.http11 - DEBUG - response_closed.complete
2026-04-07 15:16:51,707 - httpcore.connection - DEBUG - close.started
2026-04-07 15:16:51,708 - httpcore.connection - DEBUG - close.complete
2026-04-07 15:16:51,708 - routers.auth - DEBUG - [token/exchange] Issuer response status: 200
2026-04-07 15:16:51,708 - routers.auth - DEBUG - [token/exchange] Issuer response body: {'success': True, 'data': {'exp': 1778191081, 'user_id': 1097738, 'email': 'johnkeeper16@gmail.com', 'pv': 0}, 'message': 'Platform token verified', 'code': 0, 'timestamp': '2026-04-07T22:16:51.698758'}
2026-04-07 15:16:51,708 - routers.auth - INFO - [token/exchange] Token verified, platform_user_id=1097738, email=johnkeeper16@gmail.com
2026-04-07 15:16:51,709 - core.config - DEBUG - Read dynamic attribute admin_user_id from environment variable ADMIN_USER_ID
2026-04-07 15:16:51,709 - routers.auth - INFO - [token/exchange] Admin user verified, issuing admin token without DB persistence
2026-04-07 15:16:51,711 - routers.auth - DEBUG - [token/exchange] Admin user object for token issuance: id=1097738, email=johnkeeper16@gmail.com, role=admin
2026-04-07 15:16:51,711 - core.config - DEBUG - Read dynamic attribute jwt_expire_minutes from environment variable JWT_EXPIRE_MINUTES
2026-04-07 15:16:51,712 - core.config - DEBUG - Read dynamic attribute jwt_secret_key from environment variable JWT_SECRET_KEY
2026-04-07 15:16:51,712 - core.config - DEBUG - Read dynamic attribute jwt_algorithm from environment variable JWT_ALGORITHM
2026-04-07 15:16:51,761 - core.auth - DEBUG - Authentication token created for user hash: e2ba8e15
2026-04-07 15:16:51,761 - routers.auth - INFO - [token/exchange] Token issued successfully for user_id=1097738, expires_at=2026-05-07 22:16:51.711997+00:00
2026-04-07 15:16:51,762 - core.database - DEBUG - [DB_OP] Database session cleanup after 0.6680s
2026-04-07 15:16:52,215 - core.database - INFO - Tables initialized successfully
2026-04-07 15:16:52,216 - core.database - DEBUG - [DB_OP] Create tables completed in 1.8337s
2026-04-07 15:16:52,280 - core.database - INFO - Lazy database initialization completed successfully
2026-04-07 15:16:52,280 - core.database - DEBUG - [DB_OP] Database session created successfully in 2.1592s
2026-04-07 15:16:52,280 - routers.auth - INFO - [token/exchange] Received platform token exchange request
2026-04-07 15:16:52,281 - routers.auth - DEBUG - [token/exchange] Verifying token with issuer: https://auth.atoms.dev/api/v1/oidc/platform/tokens/verify
2026-04-07 15:16:52,308 - httpcore.connection - DEBUG - connect_tcp.started host='auth.atoms.dev' port=443 local_address=None timeout=5.0 socket_options=None
2026-04-07 15:16:52,323 - httpcore.connection - DEBUG - connect_tcp.complete return_value=<httpcore._backends.anyio.AnyIOStream object at 0x7f0ada77d420>
2026-04-07 15:16:52,323 - httpcore.connection - DEBUG - start_tls.started ssl_context=<ssl.SSLContext object at 0x7f0adb1bfe40> server_hostname='auth.atoms.dev' timeout=5.0
2026-04-07 15:16:52,334 - httpcore.connection - DEBUG - start_tls.complete return_value=<httpcore._backends.anyio.AnyIOStream object at 0x7f0ada77fdf0>
2026-04-07 15:16:52,334 - httpcore.http11 - DEBUG - send_request_headers.started request=<Request [b'POST']>
2026-04-07 15:16:52,335 - httpcore.http11 - DEBUG - send_request_headers.complete
2026-04-07 15:16:52,335 - httpcore.http11 - DEBUG - send_request_body.started request=<Request [b'POST']>
2026-04-07 15:16:52,335 - httpcore.http11 - DEBUG - send_request_body.complete
2026-04-07 15:16:52,335 - httpcore.http11 - DEBUG - receive_response_headers.started request=<Request [b'POST']>
2026-04-07 15:16:52,379 - httpcore.http11 - DEBUG - receive_response_headers.complete return_value=(b'HTTP/1.1', 200, b'OK', [(b'Date', b'Tue, 07 Apr 2026 22:16:52 GMT'), (b'Content-Type', b'application/json'), (b'Transfer-Encoding', b'chunked'), (b'Connection', b'keep-alive'), (b'x-response-time', b'0.002s'), (b'x-request-id', b'af5a916fe72c641ebd69a7c2cefd850b'), (b'cf-cache-status', b'DYNAMIC'), (b'Content-Encoding', b'gzip'), (b'Server', b'cloudflare'), (b'CF-RAY', b'9e8c662f1e5b3dc4-LAX')])
2026-04-07 15:16:52,379 - httpx - INFO - HTTP Request: POST https://auth.atoms.dev/api/v1/oidc/platform/tokens/verify "HTTP/1.1 200 OK"
2026-04-07 15:16:52,380 - httpcore.http11 - DEBUG - receive_response_body.started request=<Request [b'POST']>
2026-04-07 15:16:52,380 - httpcore.http11 - DEBUG - receive_response_body.complete
2026-04-07 15:16:52,380 - httpcore.http11 - DEBUG - response_closed.started
2026-04-07 15:16:52,380 - httpcore.http11 - DEBUG - response_closed.complete
2026-04-07 15:16:52,381 - httpcore.connection - DEBUG - close.started
2026-04-07 15:16:52,381 - httpcore.connection - DEBUG - close.complete
2026-04-07 15:16:52,381 - routers.auth - DEBUG - [token/exchange] Issuer response status: 200
2026-04-07 15:16:52,381 - routers.auth - DEBUG - [token/exchange] Issuer response body: {'success': True, 'data': {'exp': 1778191081, 'user_id': 1097738, 'email': 'johnkeeper16@gmail.com', 'pv': 0}, 'message': 'Platform token verified', 'code': 0, 'timestamp': '2026-04-07T22:16:52.374208'}
2026-04-07 15:16:52,381 - routers.auth - INFO - [token/exchange] Token verified, platform_user_id=1097738, email=johnkeeper16@gmail.com
2026-04-07 15:16:52,381 - routers.auth - INFO - [token/exchange] Admin user verified, issuing admin token without DB persistence
2026-04-07 15:16:52,382 - routers.auth - DEBUG - [token/exchange] Admin user object for token issuance: id=1097738, email=johnkeeper16@gmail.com, role=admin
2026-04-07 15:16:52,382 - core.auth - DEBUG - Authentication token created for user hash: e2ba8e15
2026-04-07 15:16:52,382 - routers.auth - INFO - [token/exchange] Token issued successfully for user_id=1097738, expires_at=2026-05-07 22:16:52.382388+00:00
2026-04-07 15:16:52,383 - core.database - DEBUG - [DB_OP] Database session cleanup after 2.2616s
2026-04-07 15:20:06,486 - core.auth - DEBUG - Authentication token validated for user hash: e2ba8e15
2026-04-07 15:22:15,048 - core.auth - DEBUG - Authentication token validated for user hash: e2ba8e15
2026-04-07 15:22:52,100 - dependencies.auth - DEBUG - Authentication required for request GET /api/v1/auth/me
2026-04-07 15:22:53,192 - core.auth - DEBUG - Authentication token validated for user hash: e2ba8e15
2026-04-07 15:24:34,115 - core.auth - DEBUG - Authentication token validated for user hash: e2ba8e15
2026-04-07 15:24:41,396 - core.auth - DEBUG - Authentication token validated for user hash: e2ba8e15
2026-04-07 15:24:55,376 - core.auth - DEBUG - Authentication token validated for user hash: e2ba8e15
2026-04-07 15:26:41,098 - services.database - DEBUG - [DB_OP] Starting database close
2026-04-07 15:26:41,099 - core.database - INFO - Database connection closed and engine disposed
2026-04-07 15:26:41,099 - services.database - INFO - Database connections closed
2026-04-07 15:26:41,099 - services.database - DEBUG - [DB_OP] Database close completed in 0.0014s
