2026-04-08 17:45:04,561 - main - INFO - === Logging system initialized ===
2026-04-08 17:45:04,561 - main - INFO - Log file: logs/app_20260408_174504.log
2026-04-08 17:45:04,562 - main - INFO - Log level: INFO
2026-04-08 17:45:04,562 - main - INFO - Timestamp: 20260408_174504
2026-04-08 17:45:04,563 - main - INFO - === Logging system initialized ===
2026-04-08 17:45:04,563 - main - INFO - Log file: logs/app_20260408_174504.log
2026-04-08 17:45:04,563 - main - INFO - Log level: INFO
2026-04-08 17:45:04,563 - main - INFO - Timestamp: 20260408_174504
2026-04-08 17:45:05,235 - main - INFO - Included router: routers.aihub.router
2026-04-08 17:45:05,236 - main - INFO - Included router: routers.aihub.router
2026-04-08 17:45:05,251 - main - INFO - Included router: routers.auth.router
2026-04-08 17:45:05,251 - main - INFO - Included router: routers.auth.router
2026-04-08 17:45:05,298 - main - INFO - Included router: routers.bookings.router
2026-04-08 17:45:05,298 - main - INFO - Included router: routers.bookings.router
2026-04-08 17:45:05,299 - main - INFO - Included router: routers.health.router
2026-04-08 17:45:05,300 - main - INFO - Included router: routers.health.router
2026-04-08 17:45:05,339 - main - INFO - Included router: routers.rooms.router
2026-04-08 17:45:05,340 - main - INFO - Included router: routers.rooms.router
2026-04-08 17:45:05,358 - main - INFO - Included router: routers.settings.router
2026-04-08 17:45:05,392 - main - INFO - Included router: routers.storage.router
2026-04-08 17:45:05,392 - main - INFO - Included router: routers.storage.router
2026-04-08 17:45:05,398 - main - INFO - Included router: routers.user.router
2026-04-08 17:45:05,399 - main - INFO - Included router: routers.user.router
2026-04-08 17:45:05,400 - main - INFO - === Application startup initiated ===
2026-04-08 17:45:05,400 - services.database - DEBUG - [DB_OP] Starting database initialization
2026-04-08 17:45:05,400 - services.database - INFO - 🔧 Starting database initialization...
2026-04-08 17:45:05,400 - services.database - DEBUG - [DB_OP] Starting database initialization
2026-04-08 17:45:05,400 - core.database - INFO - Starting database initialization...
2026-04-08 17:45:05,401 - services.database - INFO - 🔧 Starting database initialization...
2026-04-08 17:45:05,401 - core.database - INFO - Starting database initialization...
2026-04-08 17:45:05,401 - services.database - ERROR - Failed to initialize database: 'Settings' object has no attribute 'database_url'
2026-04-08 17:45:05,401 - services.database - ERROR - Failed to initialize database: 'Settings' object has no attribute 'database_url'
