2026-04-08 17:45:29,180 - main - INFO - === Logging system initialized ===
2026-04-08 17:45:29,181 - main - INFO - Log file: logs/app_20260408_174529.log
2026-04-08 17:45:29,182 - main - INFO - Log level: INFO
2026-04-08 17:45:29,183 - main - INFO - Timestamp: 20260408_174529
2026-04-08 17:45:30,531 - main - INFO - Included router: routers.aihub.router
2026-04-08 17:45:30,550 - main - INFO - Included router: routers.auth.router
2026-04-08 17:45:30,602 - main - INFO - Included router: routers.bookings.router
2026-04-08 17:45:30,604 - main - INFO - Included router: routers.health.router
2026-04-08 17:45:30,718 - main - INFO - Included router: routers.rooms.router
2026-04-08 17:45:30,770 - main - INFO - Included router: routers.settings.router
2026-04-08 17:45:30,814 - main - INFO - Included router: routers.storage.router
2026-04-08 17:45:30,822 - main - INFO - Included router: routers.user.router
2026-04-08 17:45:30,824 - main - INFO - === Application startup initiated ===
2026-04-08 17:45:30,824 - services.database - DEBUG - [DB_OP] Starting database initialization
2026-04-08 17:45:30,824 - services.database - INFO - 🔧 Starting database initialization...
2026-04-08 17:45:30,824 - core.database - INFO - Starting database initialization...
2026-04-08 17:45:30,824 - core.config - DEBUG - Read dynamic attribute database_url from environment variable DATABASE_URL
2026-04-08 17:45:30,825 - core.database - INFO - Normalizing database URL for async compatibility...
2026-04-08 17:45:30,826 - core.database - ERROR - Database not found:app.db
2026-04-08 17:45:30,826 - core.database - INFO - Creating async database engine...
2026-04-08 17:45:30,826 - core.database - INFO - Using QueuePool with connection pooling for non-Lambda environment
2026-04-08 17:45:31,034 - core.database - ERROR - Failed to initialize database: Invalid argument(s) 'pool_size','max_overflow','pool_timeout' sent to create_engine(), using configuration SQLiteDialect_aiosqlite/NullPool/Engine.  Please check that the keyword arguments are appropriate for this combination of components.
Traceback (most recent call last):
  File "C:\Users\Perdorues\OneDrive\Desktop\Luxury Resort Redesign\app\backend\core\database.py", line 132, in init_db
    self.engine = create_async_engine(database_url, **engine_kwargs)
                  ^^^^^^^^^^^^^^^^^^^^^^^^^^^^^^^^^^^^^^^^^^^^^^^^^^
  File "C:\Python312\Lib\site-packages\sqlalchemy\ext\asyncio\engine.py", line 120, in create_async_engine
    sync_engine = _create_engine(url, **kw)
                  ^^^^^^^^^^^^^^^^^^^^^^^^^
  File "<string>", line 2, in create_engine
  File "C:\Python312\Lib\site-packages\sqlalchemy\util\deprecations.py", line 281, in warned
    return fn(*args, **kwargs)  # type: ignore[no-any-return]
           ^^^^^^^^^^^^^^^^^^^
  File "C:\Python312\Lib\site-packages\sqlalchemy\engine\create.py", line 697, in create_engine
    raise TypeError(
TypeError: Invalid argument(s) 'pool_size','max_overflow','pool_timeout' sent to create_engine(), using configuration SQLiteDialect_aiosqlite/NullPool/Engine.  Please check that the keyword arguments are appropriate for this combination of components.
2026-04-08 17:45:31,092 - services.database - ERROR - Failed to initialize database: Invalid argument(s) 'pool_size','max_overflow','pool_timeout' sent to create_engine(), using configuration SQLiteDialect_aiosqlite/NullPool/Engine.  Please check that the keyword arguments are appropriate for this combination of components.
