2026-04-08 17:45:02,148 - main - INFO - === Logging system initialized ===
2026-04-08 17:45:02,148 - main - INFO - === Logging system initialized ===
og
2026-04-08 17:45:02,149 - main - INFO - Log level: INFO
2026-04-08 17:45:02,149 - main - INFO - Log file: logs/app_20260408_174502.log
2026-04-08 17:45:02,149 - main - INFO - Timestamp: 20260408_174502
2026-04-08 17:45:02,149 - main - INFO - Log level: INFO
2026-04-08 17:45:02,149 - main - INFO - Timestamp: 20260408_174502
2026-04-08 17:45:02,831 - main - INFO - Included router: routers.aihub.router
2026-04-08 17:45:02,831 - main - INFO - Included router: routers.aihub.router
2026-04-08 17:45:02,847 - main - INFO - Included router: routers.auth.router
2026-04-08 17:45:02,849 - main - INFO - Included router: routers.auth.router
2026-04-08 17:45:02,893 - main - INFO - Included router: routers.bookings.router
2026-04-08 17:45:02,894 - main - INFO - Included router: routers.bookings.router
2026-04-08 17:45:02,894 - main - INFO - Included router: routers.health.router
2026-04-08 17:45:02,895 - main - INFO - Included router: routers.health.router
2026-04-08 17:45:02,951 - main - INFO - Included router: routers.rooms.router
2026-04-08 17:45:02,953 - main - INFO - Included router: routers.rooms.router
2026-04-08 17:45:02,971 - main - INFO - Included router: routers.settings.router
2026-04-08 17:45:02,973 - main - INFO - Included router: routers.settings.router
2026-04-08 17:45:03,003 - main - INFO - Included router: routers.storage.router
2026-04-08 17:45:03,005 - main - INFO - Included router: routers.storage.router
2026-04-08 17:45:03,010 - main - INFO - Included router: routers.user.router
2026-04-08 17:45:03,012 - main - INFO - === Application startup initiated ===
2026-04-08 17:45:03,012 - services.database - DEBUG - [DB_OP] Starting database initialization
2026-04-08 17:45:03,012 - services.database - INFO - 🔧 Starting database initialization...
2026-04-08 17:45:03,012 - core.database - INFO - Starting database initialization...
2026-04-08 17:45:03,013 - services.database - ERROR - Failed to initialize database: 'Settings' object has no attribute 'database_url'
2026-04-08 17:45:03,013 - main - INFO - Included router: routers.user.router
2026-04-08 17:45:03,014 - main - INFO - === Application startup initiated ===
2026-04-08 17:45:03,014 - services.database - DEBUG - [DB_OP] Starting database initialization
2026-04-08 17:45:03,014 - services.database - INFO - 🔧 Starting database initialization...
2026-04-08 17:45:03,015 - core.database - INFO - Starting database initialization...
2026-04-08 17:45:03,015 - services.database - ERROR - Failed to initialize database: 'Settings' object has no attribute 'database_url'
